Heap:
 def new generation   total 25216K, used 25216K [0x08000000, 0x09b50000, 0x0d550000)
  eden space 22464K, 100% used [0x08000000, 0x095f0000, 0x095f0000)
  from space 2752K, 100% used [0x095f0000, 0x098a0000, 0x098a0000)
  to   space 2752K,   0% used [0x098a0000, 0x098a0000, 0x09b50000)
 tenured generation   total 63832K, used 63745K [0x0d550000, 0x113a6000, 0x18000000)
   the space 63832K,  99% used [0x0d550000, 0x11390598, 0x11390600, 0x113a6000)
 Metaspace       used 2547K, capacity 2576K, committed 2624K, reserved 4480K
GC Heap History (10 events):
Event: 4.904 GC heap after
Heap after GC invocations=28 (full 6):
 def new generation   total 20544K, used 2052K [0x08000000, 0x09640000, 0x0d550000)
  eden space 18304K,  11% used [0x08000000, 0x08201378, 0x091e0000)
  from space 2240K,   0% used [0x091e0000, 0x091e0000, 0x09410000)
  to   space 2240K,   0% used [0x09410000, 0x09410000, 0x09640000)
 tenured generation   total 45504K, used 45503K [0x0d550000, 0x101c0000, 0x18000000)
   the space 45504K,  99% used [0x0d550000, 0x101bfff8, 0x101c0000, 0x101c0000)
 Metaspace       used 2547K, capacity 2576K, committed 2624K, reserved 4480K
}
Event: 5.061 GC heap before
{Heap before GC invocations=28 (full 6):
 def new generation   total 20544K, used 18304K [0x08000000, 0x09640000, 0x0d550000)
  eden space 18304K, 100% used [0x08000000, 0x091e0000, 0x091e0000)
  from space 2240K,   0% used [0x091e0000, 0x091e0000, 0x09410000)
  to   space 2240K,   0% used [0x09410000, 0x09410000, 0x09640000)
 tenured generation   total 45504K, used 45503K [0x0d550000, 0x101c0000, 0x18000000)
   the space 45504K,  99% used [0x0d550000, 0x101bfff8, 0x101c0000, 0x101c0000)
 Metaspace       used 2547K, capacity 2576K, committed 2624K, reserved 4480K
Event: 5.410 GC heap after
Heap after GC invocations=29 (full 7):
 def new generation   total 22144K, used 2239K [0x08000000, 0x09800000, 0x0d550000)
  eden space 19712K,  11% used [0x08000000, 0x0822ff20, 0x09340000)
  from space 2432K,   0% used [0x09340000, 0x09340000, 0x095a0000)
  to   space 2432K,   0% used [0x095a0000, 0x095a0000, 0x09800000)
 tenured generation   total 49088K, used 49007K [0x0d550000, 0x10540000, 0x18000000)
   the space 49088K,  99% used [0x0d550000, 0x1052bd18, 0x1052be00, 0x10540000)
 Metaspace       used 2547K, capacity 2576K, committed 2624K, reserved 4480K
}
Event: 5.588 GC heap before
{Heap before GC invocations=29 (full 7):
 def new generation   total 22144K, used 19712K [0x08000000, 0x09800000, 0x0d550000)
  eden space 19712K, 100% used [0x08000000, 0x09340000, 0x09340000)
  from space 2432K,   0% used [0x09340000, 0x09340000, 0x095a0000)
  to   space 2432K,   0% used [0x095a0000, 0x095a0000, 0x09800000)
 tenured generation   total 49088K, used 49007K [0x0d550000, 0x10540000, 0x18000000)
   the space 49088K,  99% used [0x0d550000, 0x1052bd18, 0x1052be00, 0x10540000)
 Metaspace       used 2547K, capacity 2576K, committed 2624K, reserved 4480K
Event: 6.002 GC heap after
Heap after GC invocations=30 (full 8):
 def new generation   total 23616K, used 2431K [0x08000000, 0x099a0000, 0x0d550000)
  eden space 20992K,  11% used [0x08000000, 0x0825ff60, 0x09480000)
  from space 2624K,   0% used [0x09480000, 0x09480000, 0x09710000)
  to   space 2624K,   0% used [0x09710000, 0x09710000, 0x099a0000)
 tenured generation   total 52416K, used 52143K [0x0d550000, 0x10880000, 0x18000000)
   the space 52416K,  99% used [0x0d550000, 0x1083beb0, 0x1083c000, 0x10880000)
 Metaspace       used 2547K, capacity 2576K, committed 2624K, reserved 4480K
}
Event: 6.187 GC heap before
{Heap before GC invocations=30 (full 8):
 def new generation   total 23616K, used 20992K [0x08000000, 0x099a0000, 0x0d550000)
  eden space 20992K, 100% used [0x08000000, 0x09480000, 0x09480000)
  from space 2624K,   0% used [0x09480000, 0x09480000, 0x09710000)
  to   space 2624K,   0% used [0x09710000, 0x09710000, 0x099a0000)
 tenured generation   total 52416K, used 52143K [0x0d550000, 0x10880000, 0x18000000)
   the space 52416K,  99% used [0x0d550000, 0x1083beb0, 0x1083c000, 0x10880000)
 Metaspace       used 2547K, capacity 2576K, committed 2624K, reserved 4480K
Event: 6.581 GC heap after
Heap after GC invocations=31 (full 9):
 def new generation   total 25216K, used 2623K [0x08000000, 0x09b50000, 0x0d550000)
  eden space 22464K,  11% used [0x08000000, 0x0828fec0, 0x095f0000)
  from space 2752K,   0% used [0x095f0000, 0x095f0000, 0x098a0000)
  to   space 2752K,   0% used [0x098a0000, 0x098a0000, 0x09b50000)
 tenured generation   total 55872K, used 55761K [0x0d550000, 0x10be0000, 0x18000000)
   the space 55872K,  99% used [0x0d550000, 0x10bc4620, 0x10bc4800, 0x10be0000)
 Metaspace       used 2547K, capacity 2576K, committed 2624K, reserved 4480K
}
Event: 6.782 GC heap before
{Heap before GC invocations=31 (full 9):
 def new generation   total 25216K, used 22464K [0x08000000, 0x09b50000, 0x0d550000)
  eden space 22464K, 100% used [0x08000000, 0x095f0000, 0x095f0000)
  from space 2752K,   0% used [0x095f0000, 0x095f0000, 0x098a0000)
  to   space 2752K,   0% used [0x098a0000, 0x098a0000, 0x09b50000)
 tenured generation   total 55872K, used 55761K [0x0d550000, 0x10be0000, 0x18000000)
   the space 55872K,  99% used [0x0d550000, 0x10bc4620, 0x10bc4800, 0x10be0000)
 Metaspace       used 2547K, capacity 2576K, committed 2624K, reserved 4480K
Event: 7.202 GC heap after
Heap after GC invocations=32 (full 10):
 def new generation   total 25216K, used 2751K [0x08000000, 0x09b50000, 0x0d550000)
  eden space 22464K,  12% used [0x08000000, 0x082afef0, 0x095f0000)
  from space 2752K,   0% used [0x098a0000, 0x098a0000, 0x09b50000)
  to   space 2752K,   0% used [0x095f0000, 0x095f0000, 0x098a0000)
 tenured generation   total 59712K, used 59705K [0x0d550000, 0x10fa0000, 0x18000000)
   the space 59712K,  99% used [0x0d550000, 0x10f9e510, 0x10f9e600, 0x10fa0000)
 Metaspace       used 2547K, capacity 2576K, committed 2624K, reserved 4480K
}
Event: 7.405 GC heap before
{Heap before GC invocations=32 (full 10):
 def new generation   total 25216K, used 22464K [0x08000000, 0x09b50000, 0x0d550000)
  eden space 22464K, 100% used [0x08000000, 0x095f0000, 0x095f0000)
  from space 2752K,   0% used [0x098a0000, 0x098a0000, 0x09b50000)
  to   space 2752K,   0% used [0x095f0000, 0x095f0000, 0x098a0000)
 tenured generation   total 59712K, used 59705K [0x0d550000, 0x10fa0000, 0x18000000)
   the space 59712K,  99% used [0x0d550000, 0x10f9e510, 0x10f9e600, 0x10fa0000)
 Metaspace       used 2547K, capacity 2576K, committed 2624K, reserved 4480K

