# JRE version: Java(TM) SE Runtime Environment (8.0_221-b11) (build 1.8.0_221-b11)
# Java VM: Java HotSpot(TM) Client VM (25.221-b11 mixed mode windows-x86 )
Heap:
 def new generation   total 56000K, used 6208K [0x0f600000, 0x132c0000, 0x14b50000)
  eden space 49792K,   0% used [0x0f600000, 0x0f600000, 0x126a0000)
  from space 6208K, 100% used [0x126a0000, 0x12cb0000, 0x12cb0000)
  to   space 6208K,   0% used [0x12cb0000, 0x12cb0000, 0x132c0000)
 tenured generation   total 128680K, used 128579K [0x14b50000, 0x1c8fa000, 0x1f600000)
   the space 128680K,  99% used [0x14b50000, 0x1c8e0f10, 0x1c8e1000, 0x1c8fa000)
 Metaspace       used 2539K, capacity 2576K, committed 2624K, reserved 4480K
GC Heap History (10 events):
Event: 3.510 GC heap after
Heap after GC invocations=27 (full 3):
 def new generation   total 29248K, used 3200K [0x0f600000, 0x115b0000, 0x14b50000)
  eden space 26048K,   0% used [0x0f600000, 0x0f600000, 0x10f70000)
  from space 3200K, 100% used [0x10f70000, 0x11290000, 0x11290000)
  to   space 3200K,   0% used [0x11290000, 0x11290000, 0x115b0000)
 tenured generation   total 64856K, used 64050K [0x14b50000, 0x18aa6000, 0x1f600000)
   the space 64856K,  98% used [0x14b50000, 0x189dcba0, 0x189dcc00, 0x18aa6000)
 Metaspace       used 2539K, capacity 2576K, committed 2624K, reserved 4480K
}
Event: 3.670 GC heap before
{Heap before GC invocations=27 (full 3):
 def new generation   total 29248K, used 29248K [0x0f600000, 0x115b0000, 0x14b50000)
  eden space 26048K, 100% used [0x0f600000, 0x10f70000, 0x10f70000)
  from space 3200K, 100% used [0x10f70000, 0x11290000, 0x11290000)
  to   space 3200K,   0% used [0x11290000, 0x11290000, 0x115b0000)
 tenured generation   total 64856K, used 64050K [0x14b50000, 0x18aa6000, 0x1f600000)
   the space 64856K,  98% used [0x14b50000, 0x189dcba0, 0x189dcc00, 0x18aa6000)
 Metaspace       used 2539K, capacity 2576K, committed 2624K, reserved 4480K
Event: 4.238 GC heap after
Heap after GC invocations=28 (full 4):
 def new generation   total 56000K, used 1156K [0x0f600000, 0x132c0000, 0x14b50000)
  eden space 49792K,   2% used [0x0f600000, 0x0f721320, 0x126a0000)
  from space 6208K,   0% used [0x126a0000, 0x126a0000, 0x12cb0000)
  to   space 6208K,   0% used [0x12cb0000, 0x12cb0000, 0x132c0000)
 tenured generation   total 124308K, used 74583K [0x14b50000, 0x1c4b5000, 0x1f600000)
   the space 124308K,  59% used [0x14b50000, 0x19425ff0, 0x19426000, 0x1c4b5000)
 Metaspace       used 2539K, capacity 2576K, committed 2624K, reserved 4480K
}
Event: 4.835 GC heap before
{Heap before GC invocations=28 (full 4):
 def new generation   total 56000K, used 49792K [0x0f600000, 0x132c0000, 0x14b50000)
  eden space 49792K, 100% used [0x0f600000, 0x126a0000, 0x126a0000)
  from space 6208K,   0% used [0x126a0000, 0x126a0000, 0x12cb0000)
  to   space 6208K,   0% used [0x12cb0000, 0x12cb0000, 0x132c0000)
 tenured generation   total 124308K, used 74583K [0x14b50000, 0x1c4b5000, 0x1f600000)
   the space 124308K,  59% used [0x14b50000, 0x19425ff0, 0x19426000, 0x1c4b5000)
 Metaspace       used 2539K, capacity 2576K, committed 2624K, reserved 4480K
Event: 5.030 GC heap after
Heap after GC invocations=29 (full 4):
 def new generation   total 56000K, used 6208K [0x0f600000, 0x132c0000, 0x14b50000)
  eden space 49792K,   0% used [0x0f600000, 0x0f600000, 0x126a0000)
  from space 6208K, 100% used [0x12cb0000, 0x132c0000, 0x132c0000)
  to   space 6208K,   0% used [0x126a0000, 0x126a0000, 0x12cb0000)
 tenured generation   total 124308K, used 78193K [0x14b50000, 0x1c4b5000, 0x1f600000)
   the space 124308K,  62% used [0x14b50000, 0x197ac500, 0x197ac600, 0x1c4b5000)
 Metaspace       used 2539K, capacity 2576K, committed 2624K, reserved 4480K
}
Event: 5.550 GC heap before
{Heap before GC invocations=29 (full 4):
 def new generation   total 56000K, used 56000K [0x0f600000, 0x132c0000, 0x14b50000)
  eden space 49792K, 100% used [0x0f600000, 0x126a0000, 0x126a0000)
  from space 6208K, 100% used [0x12cb0000, 0x132c0000, 0x132c0000)
  to   space 6208K,   0% used [0x126a0000, 0x126a0000, 0x12cb0000)
 tenured generation   total 124308K, used 78193K [0x14b50000, 0x1c4b5000, 0x1f600000)
   the space 124308K,  62% used [0x14b50000, 0x197ac500, 0x197ac600, 0x1c4b5000)
 Metaspace       used 2539K, capacity 2576K, committed 2624K, reserved 4480K
Event: 5.684 GC heap after
Heap after GC invocations=30 (full 4):
 def new generation   total 56000K, used 6207K [0x0f600000, 0x132c0000, 0x14b50000)
  eden space 49792K,   0% used [0x0f600000, 0x0f600000, 0x126a0000)
  from space 6208K,  99% used [0x126a0000, 0x12cafff8, 0x12cb0000)
  to   space 6208K,   0% used [0x12cb0000, 0x12cb0000, 0x132c0000)
 tenured generation   total 124308K, used 87058K [0x14b50000, 0x1c4b5000, 0x1f600000)
   the space 124308K,  70% used [0x14b50000, 0x1a054aa0, 0x1a054c00, 0x1c4b5000)
 Metaspace       used 2539K, capacity 2576K, committed 2624K, reserved 4480K
}
Event: 6.072 GC heap before
{Heap before GC invocations=30 (full 4):
 def new generation   total 56000K, used 55999K [0x0f600000, 0x132c0000, 0x14b50000)
  eden space 49792K, 100% used [0x0f600000, 0x126a0000, 0x126a0000)
  from space 6208K,  99% used [0x126a0000, 0x12cafff8, 0x12cb0000)
  to   space 6208K,   0% used [0x12cb0000, 0x12cb0000, 0x132c0000)
 tenured generation   total 124308K, used 87058K [0x14b50000, 0x1c4b5000, 0x1f600000)
   the space 124308K,  70% used [0x14b50000, 0x1a054aa0, 0x1a054c00, 0x1c4b5000)
 Metaspace       used 2539K, capacity 2576K, committed 2624K, reserved 4480K
Event: 6.223 GC heap after
Heap after GC invocations=31 (full 4):
 def new generation   total 56000K, used 6207K [0x0f600000, 0x132c0000, 0x14b50000)
  eden space 49792K,   0% used [0x0f600000, 0x0f600000, 0x126a0000)
  from space 6208K,  99% used [0x12cb0000, 0x132bfff8, 0x132c0000)
  to   space 6208K,   0% used [0x126a0000, 0x126a0000, 0x12cb0000)
 tenured generation   total 124308K, used 102221K [0x14b50000, 0x1c4b5000, 0x1f600000)
   the space 124308K,  82% used [0x14b50000, 0x1af23508, 0x1af23600, 0x1c4b5000)
 Metaspace       used 2539K, capacity 2576K, committed 2624K, reserved 4480K
}
Event: 6.409 GC heap before
{Heap before GC invocations=31 (full 4):
 def new generation   total 56000K, used 55999K [0x0f600000, 0x132c0000, 0x14b50000)
  eden space 49792K, 100% used [0x0f600000, 0x126a0000, 0x126a0000)
  from space 6208K,  99% used [0x12cb0000, 0x132bfff8, 0x132c0000)
  to   space 6208K,   0% used [0x126a0000, 0x126a0000, 0x12cb0000)
 tenured generation   total 124308K, used 102221K [0x14b50000, 0x1c4b5000, 0x1f600000)
   the space 124308K,  82% used [0x14b50000, 0x1af23508, 0x1af23600, 0x1c4b5000)
 Metaspace       used 2539K, capacity 2576K, committed 2624K, reserved 4480K

